TN:
SF:src\app\api\webhook\stripe\route.ts
FN:12,POST
FN:53,handleCheckoutComplete
FN:66,(anonymous_2)
FN:78,(anonymous_3)
FNF:4
FNH:4
FNDA:18,POST
FNDA:12,handleCheckoutComplete
FNDA:11,(anonymous_2)
FNDA:9,(anonymous_3)
DA:9,1
DA:10,1
DA:13,18
DA:14,18
DA:16,18
DA:17,1
DA:20,17
DA:21,1
DA:22,1
DA:26,16
DA:27,16
DA:29,3
DA:30,3
DA:37,13
DA:39,12
DA:40,12
DA:42,2
DA:43,2
DA:45,10
DA:47,1
DA:50,11
DA:54,12
DA:55,12
DA:56,12
DA:57,12
DA:59,12
DA:60,1
DA:61,1
DA:66,11
DA:67,11
DA:69,11
DA:70,1
DA:72,10
DA:73,1
DA:74,1
DA:78,9
DA:93,9
DA:94,1
DA:98,8
DA:99,8
DA:100,12
DA:101,12
DA:106,12
DA:107,7
DA:108,7
DA:110,1
LF:46
LH:46
BRDA:16,0,0,1
BRDA:16,0,1,17
BRDA:20,1,0,1
BRDA:20,1,1,16
BRDA:37,2,0,12
BRDA:37,2,1,1
BRDA:42,3,0,2
BRDA:42,3,1,0
BRDA:55,4,0,12
BRDA:55,4,1,0
BRDA:56,5,0,12
BRDA:56,5,1,1
BRDA:57,6,0,12
BRDA:57,6,1,2
BRDA:57,6,2,1
BRDA:59,7,0,1
BRDA:59,7,1,11
BRDA:69,8,0,1
BRDA:69,8,1,10
BRDA:72,9,0,1
BRDA:72,9,1,9
BRDA:80,10,0,9
BRDA:80,10,1,1
BRDA:85,11,0,9
BRDA:85,11,1,0
BRDA:86,12,0,9
BRDA:86,12,1,0
BRDA:87,13,0,9
BRDA:87,13,1,0
BRDA:93,14,0,1
BRDA:93,14,1,8
BRDA:99,15,0,8
BRDA:99,15,1,0
BRF:33
BRH:27
end_of_record
TN:
SF:src\lib\api-utils.ts
FN:10,parseRequestBody
FN:37,checkRateLimit
FN:75,normalizeText
FN:79,containsInjection
FN:80,(anonymous_4)
FN:88,checkFreeTextInputs
FN:101,buildUserMessage
FN:129,callAnthropicStream
FN:139,(anonymous_8)
FN:141,(anonymous_9)
FN:161,(anonymous_10)
FN:172,transform
FN:188,flush
FN:205,callAnthropic
FN:215,(anonymous_14)
FN:217,(anonymous_15)
FN:235,(anonymous_16)
FNF:17
FNH:16
FNDA:5,parseRequestBody
FNDA:5,checkRateLimit
FNDA:136,normalizeText
FNDA:32,containsInjection
FNDA:134,(anonymous_4)
FNDA:4,checkFreeTextInputs
FNDA:4,buildUserMessage
FNDA:8,callAnthropicStream
FNDA:1,(anonymous_8)
FNDA:14,(anonymous_9)
FNDA:1,(anonymous_10)
FNDA:10,transform
FNDA:4,flush
FNDA:6,callAnthropic
FNDA:1,(anonymous_14)
FNDA:12,(anonymous_15)
FNDA:0,(anonymous_16)
DA:16,5
DA:17,1
DA:20,4
DA:21,4
DA:23,1
DA:25,3
DA:26,3
DA:27,2
DA:28,2
DA:30,1
DA:44,5
DA:45,5
DA:46,1
DA:48,4
DA:51,1
DA:61,1
DA:62,1
DA:64,1
DA:76,136
DA:80,134
DA:93,4
DA:94,4
DA:95,2
DA:96,2
DA:98,2
DA:107,4
DA:108,1
DA:110,3
DA:113,1
DA:138,8
DA:139,8
DA:140,8
DA:141,8
DA:142,14
DA:159,6
DA:160,2
DA:161,2
DA:162,2
DA:163,2
DA:166,4
DA:167,4
DA:169,4
DA:170,4
DA:173,10
DA:174,10
DA:175,10
DA:176,10
DA:177,9
DA:178,7
DA:179,7
DA:180,7
DA:181,4
DA:189,4
DA:193,4
DA:195,2
DA:196,2
DA:197,1
DA:198,1
DA:200,1
DA:201,1
DA:214,6
DA:215,6
DA:216,6
DA:217,6
DA:218,12
DA:234,4
DA:235,1
DA:236,1
DA:237,1
DA:239,3
DA:240,3
DA:242,2
DA:243,1
DA:244,1
DA:246,1
DA:247,1
DA:249,6
LF:77
LH:77
BRDA:16,0,0,1
BRDA:16,0,1,4
BRDA:26,1,0,2
BRDA:26,1,1,1
BRDA:27,2,0,2
BRDA:27,2,1,1
BRDA:27,2,2,0
BRDA:42,3,0,5
BRDA:45,4,0,1
BRDA:45,4,1,4
BRDA:94,5,0,2
BRDA:94,5,1,2
BRDA:107,6,0,1
BRDA:107,6,1,3
BRDA:107,7,0,4
BRDA:107,7,1,2
BRDA:139,8,0,8
BRDA:139,8,1,7
BRDA:159,9,0,2
BRDA:159,9,1,4
BRDA:159,10,0,6
BRDA:159,10,1,5
BRDA:175,11,0,10
BRDA:175,11,1,0
BRDA:177,12,0,2
BRDA:177,12,1,7
BRDA:180,13,0,4
BRDA:180,13,1,3
BRDA:180,14,0,7
BRDA:180,14,1,5
BRDA:180,14,2,5
BRDA:196,15,0,1
BRDA:196,15,1,1
BRDA:215,16,0,6
BRDA:215,16,1,5
BRDA:234,17,0,1
BRDA:234,17,1,3
BRDA:240,18,0,3
BRDA:240,18,1,1
BRDA:242,19,0,1
BRDA:242,19,1,1
BRF:41
BRH:39
end_of_record
TN:
SF:src\lib\rate-limit.ts
FN:8,rateLimit
FN:29,getClientIp
FNF:2
FNH:2
FNDA:21,rateLimit
FNDA:10,getClientIp
DA:6,2
DA:13,21
DA:14,21
DA:16,21
DA:17,10
DA:18,10
DA:21,11
DA:22,9
DA:25,2
DA:26,2
DA:33,10
LF:11
LH:11
BRDA:16,0,0,10
BRDA:16,0,1,11
BRDA:16,1,0,21
BRDA:16,1,1,12
BRDA:21,2,0,9
BRDA:21,2,1,2
BRDA:34,3,0,10
BRDA:34,3,1,4
BRDA:34,3,2,1
BRF:9
BRH:9
end_of_record
TN:
SF:src\lib\tokens.ts
FN:3,getSecret
FN:9,sign
FN:13,verify
FN:22,makeUnsubscribeToken
FN:28,verifyUnsubscribeToken
FN:36,generateConfirmationToken
FNF:6
FNH:6
FNDA:12,getSecret
FNDA:12,sign
FNDA:6,verify
FNDA:6,makeUnsubscribeToken
FNDA:21,verifyUnsubscribeToken
FNDA:2,generateConfirmationToken
DA:4,12
DA:5,12
DA:6,12
DA:10,12
DA:14,6
DA:15,6
DA:16,6
DA:18,1
DA:23,6
DA:24,6
DA:25,6
DA:29,21
DA:30,21
DA:31,11
DA:32,11
DA:33,6
DA:37,2
LF:17
LH:17
BRDA:5,0,0,0
BRDA:5,0,1,12
BRDA:30,1,0,10
BRDA:30,1,1,11
BRDA:30,2,0,21
BRDA:30,2,1,15
BRDA:32,3,0,5
BRDA:32,3,1,6
BRF:8
BRH:7
end_of_record
TN:
SF:src\lib\validations.ts
FNF:0
FNH:0
DA:3,1
DA:10,1
DA:15,1
DA:25,1
DA:29,1
LF:5
LH:5
BRF:0
BRH:0
end_of_record
